[debug] ----------------------------------------------------------------------
[debug] Command:      node /usr/local/bin/firebase deploy
[debug] Platform:     linux
[debug] Node Version: v0.10.26
[debug] Time:         Fri Feb 05 2016 20:40:45 GMT+0000 (UTC)
[debug] ----------------------------------------------------------------------
[debug] 
[debug] >>> HTTP REQUEST GET https://admin.firebase.com/firebase/resplendent-inferno-4226/token?token=XXX 
[debug] <<< HTTP RESPONSE 200
[debug] >>> HTTP REQUEST GET https://admin.firebase.com/firebase/resplendent-inferno-4226/token?token=XXX 
[debug] <<< HTTP RESPONSE 200
[info] 
[info] === Deploying to 'resplendent-inferno-4226'...
[info] 
[info] i  deploying hosting
[info] i  preparing public directory for upload...
[debug] >>> HTTP REQUEST PUT https://deploy.firebase.com/firebase/resplendent-inferno-4226/uploads/-K9n9afpp-UJEwYzaTQ8?token=XXX&fileCount=63&message= 
[debug] <<< HTTP RESPONSE 200
[info] ✔  63 files uploaded successfully
[debug] >>> HTTP REQUEST POST https://deploy.firebase.com/firebase/resplendent-inferno-4226/releases?token=XXX
[debug] ----------------------------------------------------------------------
[debug] Command:      node /usr/local/bin/firebase deploy
[debug] Platform:     linux
[debug] Node Version: v0.10.26
[debug] Time:         Fri Feb 05 2016 20:41:19 GMT+0000 (UTC)
[debug] ----------------------------------------------------------------------
[debug] 
[debug] >>> HTTP REQUEST GET https://admin.firebase.com/firebase/resplendent-inferno-4226/token?token=XXX 
[debug] <<< HTTP RESPONSE 200
[debug] >>> HTTP REQUEST GET https://admin.firebase.com/firebase/resplendent-inferno-4226/token?token=XXX 
[debug] <<< HTTP RESPONSE 200
[info] 
[info] === Deploying to 'resplendent-inferno-4226'...
[info] 
[info] i  deploying hosting
[info] i  preparing public directory for upload...
[debug] >>> HTTP REQUEST PUT https://deploy.firebase.com/firebase/resplendent-inferno-4226/uploads/-K9n9iZbQWBGVb8trPLq?token=XXX&fileCount=63&message= 
[debug] <<< HTTP RESPONSE 200
[info] ✔  63 files uploaded successfully
[debug] >>> HTTP REQUEST POST https://deploy.firebase.com/firebase/resplendent-inferno-4226/releases?token=XXX
